<?xml version="1.0" encoding="UTF-8"?>
<testsuite xmlns:xsi="http://www.w3.org/2001/XMLSchema-instance" xsi:noNamespaceSchemaLocation="https://maven.apache.org/surefire/maven-surefire-plugin/xsd/surefire-test-report.xsd" name="cn.com.caogen.mmanager.MmanagerApplicationTests" time="5.98" tests="1" errors="0" skipped="0" failures="0">
  <properties>
    <property name="gopherProxySet" value="false"/>
    <property name="awt.toolkit" value="sun.lwawt.macosx.LWCToolkit"/>
    <property name="file.encoding.pkg" value="sun.io"/>
    <property name="java.specification.version" value="1.8"/>
    <property name="sun.cpu.isalist" value=""/>
    <property name="sun.jnu.encoding" value="UTF-8"/>
    <property name="java.class.path" value="/Users/docker/Desktop/yanqingrepository/mmanager/target/test-classes:/Users/docker/Desktop/yanqingrepository/mmanager/target/classes:/Users/docker/Documents/respo/org/springframework/boot/spring-boot-starter-web/2.0.1.RELEASE/spring-boot-starter-web-2.0.1.RELEASE.jar:/Users/docker/Documents/respo/org/springframework/boot/spring-boot-starter/2.0.1.RELEASE/spring-boot-starter-2.0.1.RELEASE.jar:/Users/docker/Documents/respo/org/springframework/boot/spring-boot-starter-logging/2.0.1.RELEASE/spring-boot-starter-logging-2.0.1.RELEASE.jar:/Users/docker/Documents/respo/ch/qos/logback/logback-classic/1.2.3/logback-classic-1.2.3.jar:/Users/docker/Documents/respo/ch/qos/logback/logback-core/1.2.3/logback-core-1.2.3.jar:/Users/docker/Documents/respo/org/apache/logging/log4j/log4j-to-slf4j/2.10.0/log4j-to-slf4j-2.10.0.jar:/Users/docker/Documents/respo/org/apache/logging/log4j/log4j-api/2.10.0/log4j-api-2.10.0.jar:/Users/docker/Documents/respo/org/slf4j/jul-to-slf4j/1.7.25/jul-to-slf4j-1.7.25.jar:/Users/docker/Documents/respo/javax/annotation/javax.annotation-api/1.3.2/javax.annotation-api-1.3.2.jar:/Users/docker/Documents/respo/org/yaml/snakeyaml/1.19/snakeyaml-1.19.jar:/Users/docker/Documents/respo/org/springframework/boot/spring-boot-starter-json/2.0.1.RELEASE/spring-boot-starter-json-2.0.1.RELEASE.jar:/Users/docker/Documents/respo/com/fasterxml/jackson/core/jackson-databind/2.9.5/jackson-databind-2.9.5.jar:/Users/docker/Documents/respo/com/fasterxml/jackson/core/jackson-annotations/2.9.0/jackson-annotations-2.9.0.jar:/Users/docker/Documents/respo/com/fasterxml/jackson/core/jackson-core/2.9.5/jackson-core-2.9.5.jar:/Users/docker/Documents/respo/com/fasterxml/jackson/datatype/jackson-datatype-jdk8/2.9.5/jackson-datatype-jdk8-2.9.5.jar:/Users/docker/Documents/respo/com/fasterxml/jackson/datatype/jackson-datatype-jsr310/2.9.5/jackson-datatype-jsr310-2.9.5.jar:/Users/docker/Documents/respo/com/fasterxml/jackson/module/jackson-module-parameter-names/2.9.5/jackson-module-parameter-names-2.9.5.jar:/Users/docker/Documents/respo/org/springframework/boot/spring-boot-starter-tomcat/2.0.1.RELEASE/spring-boot-starter-tomcat-2.0.1.RELEASE.jar:/Users/docker/Documents/respo/org/apache/tomcat/embed/tomcat-embed-core/8.5.29/tomcat-embed-core-8.5.29.jar:/Users/docker/Documents/respo/org/apache/tomcat/embed/tomcat-embed-el/8.5.29/tomcat-embed-el-8.5.29.jar:/Users/docker/Documents/respo/org/apache/tomcat/embed/tomcat-embed-websocket/8.5.29/tomcat-embed-websocket-8.5.29.jar:/Users/docker/Documents/respo/org/hibernate/validator/hibernate-validator/6.0.9.Final/hibernate-validator-6.0.9.Final.jar:/Users/docker/Documents/respo/javax/validation/validation-api/2.0.1.Final/validation-api-2.0.1.Final.jar:/Users/docker/Documents/respo/org/jboss/logging/jboss-logging/3.3.2.Final/jboss-logging-3.3.2.Final.jar:/Users/docker/Documents/respo/com/fasterxml/classmate/1.3.4/classmate-1.3.4.jar:/Users/docker/Documents/respo/org/springframework/spring-web/5.0.5.RELEASE/spring-web-5.0.5.RELEASE.jar:/Users/docker/Documents/respo/org/springframework/spring-beans/5.0.5.RELEASE/spring-beans-5.0.5.RELEASE.jar:/Users/docker/Documents/respo/org/springframework/spring-webmvc/5.0.5.RELEASE/spring-webmvc-5.0.5.RELEASE.jar:/Users/docker/Documents/respo/org/springframework/spring-aop/5.0.5.RELEASE/spring-aop-5.0.5.RELEASE.jar:/Users/docker/Documents/respo/org/springframework/spring-context/5.0.5.RELEASE/spring-context-5.0.5.RELEASE.jar:/Users/docker/Documents/respo/org/springframework/spring-expression/5.0.5.RELEASE/spring-expression-5.0.5.RELEASE.jar:/Users/docker/Documents/respo/org/springframework/boot/spring-boot-starter-test/2.0.1.RELEASE/spring-boot-starter-test-2.0.1.RELEASE.jar:/Users/docker/Documents/respo/org/springframework/boot/spring-boot-test/2.0.1.RELEASE/spring-boot-test-2.0.1.RELEASE.jar:/Users/docker/Documents/respo/org/springframework/boot/spring-boot-test-autoconfigure/2.0.1.RELEASE/spring-boot-test-autoconfigure-2.0.1.RELEASE.jar:/Users/docker/Documents/respo/com/jayway/jsonpath/json-path/2.4.0/json-path-2.4.0.jar:/Users/docker/Documents/respo/net/minidev/json-smart/2.3/json-smart-2.3.jar:/Users/docker/Documents/respo/net/minidev/accessors-smart/1.2/accessors-smart-1.2.jar:/Users/docker/Documents/respo/org/ow2/asm/asm/5.0.4/asm-5.0.4.jar:/Users/docker/Documents/respo/org/assertj/assertj-core/3.9.1/assertj-core-3.9.1.jar:/Users/docker/Documents/respo/org/mockito/mockito-core/2.15.0/mockito-core-2.15.0.jar:/Users/docker/Documents/respo/net/bytebuddy/byte-buddy/1.7.11/byte-buddy-1.7.11.jar:/Users/docker/Documents/respo/net/bytebuddy/byte-buddy-agent/1.7.11/byte-buddy-agent-1.7.11.jar:/Users/docker/Documents/respo/org/objenesis/objenesis/2.6/objenesis-2.6.jar:/Users/docker/Documents/respo/org/hamcrest/hamcrest-core/1.3/hamcrest-core-1.3.jar:/Users/docker/Documents/respo/org/hamcrest/hamcrest-library/1.3/hamcrest-library-1.3.jar:/Users/docker/Documents/respo/org/skyscreamer/jsonassert/1.5.0/jsonassert-1.5.0.jar:/Users/docker/Documents/respo/com/vaadin/external/google/android-json/0.0.20131108.vaadin1/android-json-0.0.20131108.vaadin1.jar:/Users/docker/Documents/respo/org/springframework/spring-core/5.0.5.RELEASE/spring-core-5.0.5.RELEASE.jar:/Users/docker/Documents/respo/org/springframework/spring-jcl/5.0.5.RELEASE/spring-jcl-5.0.5.RELEASE.jar:/Users/docker/Documents/respo/org/springframework/spring-test/5.0.5.RELEASE/spring-test-5.0.5.RELEASE.jar:/Users/docker/Documents/respo/org/xmlunit/xmlunit-core/2.5.1/xmlunit-core-2.5.1.jar:/Users/docker/Documents/respo/org/springframework/boot/spring-boot-starter-thymeleaf/2.0.1.RELEASE/spring-boot-starter-thymeleaf-2.0.1.RELEASE.jar:/Users/docker/Documents/respo/org/thymeleaf/thymeleaf-spring5/3.0.9.RELEASE/thymeleaf-spring5-3.0.9.RELEASE.jar:/Users/docker/Documents/respo/org/thymeleaf/thymeleaf/3.0.9.RELEASE/thymeleaf-3.0.9.RELEASE.jar:/Users/docker/Documents/respo/org/attoparser/attoparser/2.0.4.RELEASE/attoparser-2.0.4.RELEASE.jar:/Users/docker/Documents/respo/org/unbescape/unbescape/1.1.5.RELEASE/unbescape-1.1.5.RELEASE.jar:/Users/docker/Documents/respo/org/thymeleaf/extras/thymeleaf-extras-java8time/3.0.1.RELEASE/thymeleaf-extras-java8time-3.0.1.RELEASE.jar:/Users/docker/Documents/respo/org/mybatis/spring/boot/mybatis-spring-boot-starter/1.3.0/mybatis-spring-boot-starter-1.3.0.jar:/Users/docker/Documents/respo/org/springframework/boot/spring-boot-starter-jdbc/2.0.1.RELEASE/spring-boot-starter-jdbc-2.0.1.RELEASE.jar:/Users/docker/Documents/respo/com/zaxxer/HikariCP/2.7.8/HikariCP-2.7.8.jar:/Users/docker/Documents/respo/org/springframework/spring-jdbc/5.0.5.RELEASE/spring-jdbc-5.0.5.RELEASE.jar:/Users/docker/Documents/respo/org/mybatis/spring/boot/mybatis-spring-boot-autoconfigure/1.3.0/mybatis-spring-boot-autoconfigure-1.3.0.jar:/Users/docker/Documents/respo/org/mybatis/mybatis/3.4.4/mybatis-3.4.4.jar:/Users/docker/Documents/respo/org/mybatis/mybatis-spring/1.3.1/mybatis-spring-1.3.1.jar:/Users/docker/Documents/respo/org/slf4j/slf4j-log4j12/1.8.0-beta2/slf4j-log4j12-1.8.0-beta2.jar:/Users/docker/Documents/respo/org/slf4j/slf4j-api/1.7.25/slf4j-api-1.7.25.jar:/Users/docker/Documents/respo/log4j/log4j/1.2.17/log4j-1.2.17.jar:/Users/docker/Documents/respo/mysql/mysql-connector-java/5.1.25/mysql-connector-java-5.1.25.jar:/Users/docker/Documents/respo/org/projectlombok/lombok/1.16.10/lombok-1.16.10.jar:/Users/docker/Documents/respo/commons-httpclient/commons-httpclient/3.1/commons-httpclient-3.1.jar:/Users/docker/Documents/respo/commons-logging/commons-logging/1.0.4/commons-logging-1.0.4.jar:/Users/docker/Documents/respo/commons-codec/commons-codec/1.11/commons-codec-1.11.jar:/Users/docker/Documents/respo/org/dom4j/dom4j/2.1.0/dom4j-2.1.0.jar:/Users/docker/Documents/respo/jaxen/jaxen/1.1.6/jaxen-1.1.6.jar:/Users/docker/Documents/respo/com/github/servanter/netsfjson-support-spring/1.0.0/netsfjson-support-spring-1.0.0.jar:/Users/docker/Documents/respo/net/sf/json-lib/json-lib/2.2.2/json-lib-2.2.2-jdk15.jar:/Users/docker/Documents/respo/commons-beanutils/commons-beanutils/1.7.0/commons-beanutils-1.7.0.jar:/Users/docker/Documents/respo/commons-collections/commons-collections/3.2/commons-collections-3.2.jar:/Users/docker/Documents/respo/commons-lang/commons-lang/2.4/commons-lang-2.4.jar:/Users/docker/Documents/respo/net/sf/ezmorph/ezmorph/1.0.4/ezmorph-1.0.4.jar:/Users/docker/Documents/respo/javax/servlet/servlet-api/2.4/servlet-api-2.4.jar:/Users/docker/Documents/respo/org/junit/jupiter/junit-jupiter-api/5.1.0/junit-jupiter-api-5.1.0.jar:/Users/docker/Documents/respo/org/apiguardian/apiguardian-api/1.0.0/apiguardian-api-1.0.0.jar:/Users/docker/Documents/respo/org/opentest4j/opentest4j/1.0.0/opentest4j-1.0.0.jar:/Users/docker/Documents/respo/org/junit/platform/junit-platform-commons/1.1.0/junit-platform-commons-1.1.0.jar:/Users/docker/Documents/respo/org/springframework/boot/spring-boot-devtools/2.0.1.RELEASE/spring-boot-devtools-2.0.1.RELEASE.jar:/Users/docker/Documents/respo/org/springframework/boot/spring-boot/2.0.1.RELEASE/spring-boot-2.0.1.RELEASE.jar:/Users/docker/Documents/respo/org/springframework/boot/spring-boot-autoconfigure/2.0.1.RELEASE/spring-boot-autoconfigure-2.0.1.RELEASE.jar:/Users/docker/Documents/respo/org/apache/directory/studio/org.apache.commons.io/2.4/org.apache.commons.io-2.4.jar:/Users/docker/Documents/respo/commons-io/commons-io/2.4/commons-io-2.4.jar:/Users/docker/Documents/respo/com/google/code/gson/gson/2.7/gson-2.7.jar:/Users/docker/Documents/respo/org/springframework/boot/spring-boot-starter-data-redis/2.0.1.RELEASE/spring-boot-starter-data-redis-2.0.1.RELEASE.jar:/Users/docker/Documents/respo/org/springframework/data/spring-data-redis/2.0.6.RELEASE/spring-data-redis-2.0.6.RELEASE.jar:/Users/docker/Documents/respo/org/springframework/data/spring-data-keyvalue/2.0.6.RELEASE/spring-data-keyvalue-2.0.6.RELEASE.jar:/Users/docker/Documents/respo/org/springframework/data/spring-data-commons/2.0.6.RELEASE/spring-data-commons-2.0.6.RELEASE.jar:/Users/docker/Documents/respo/org/springframework/spring-tx/5.0.5.RELEASE/spring-tx-5.0.5.RELEASE.jar:/Users/docker/Documents/respo/org/springframework/spring-oxm/5.0.5.RELEASE/spring-oxm-5.0.5.RELEASE.jar:/Users/docker/Documents/respo/org/springframework/spring-context-support/5.0.5.RELEASE/spring-context-support-5.0.5.RELEASE.jar:/Users/docker/Documents/respo/io/lettuce/lettuce-core/5.0.3.RELEASE/lettuce-core-5.0.3.RELEASE.jar:/Users/docker/Documents/respo/io/projectreactor/reactor-core/3.1.6.RELEASE/reactor-core-3.1.6.RELEASE.jar:/Users/docker/Documents/respo/org/reactivestreams/reactive-streams/1.0.2/reactive-streams-1.0.2.jar:/Users/docker/Documents/respo/io/netty/netty-common/4.1.23.Final/netty-common-4.1.23.Final.jar:/Users/docker/Documents/respo/io/netty/netty-transport/4.1.23.Final/netty-transport-4.1.23.Final.jar:/Users/docker/Documents/respo/io/netty/netty-buffer/4.1.23.Final/netty-buffer-4.1.23.Final.jar:/Users/docker/Documents/respo/io/netty/netty-resolver/4.1.23.Final/netty-resolver-4.1.23.Final.jar:/Users/docker/Documents/respo/io/netty/netty-handler/4.1.23.Final/netty-handler-4.1.23.Final.jar:/Users/docker/Documents/respo/io/netty/netty-codec/4.1.23.Final/netty-codec-4.1.23.Final.jar:/Users/docker/Documents/respo/redis/clients/jedis/2.8.1/jedis-2.8.1.jar:/Users/docker/Documents/respo/org/apache/commons/commons-pool2/2.5.0/commons-pool2-2.5.0.jar:/Users/docker/Documents/respo/junit/junit/4.12/junit-4.12.jar:/Users/docker/Documents/respo/org/apache/httpcomponents/httpclient/4.5.2/httpclient-4.5.2.jar:/Users/docker/Documents/respo/org/apache/httpcomponents/httpcore/4.4.9/httpcore-4.4.9.jar:/Users/docker/Documents/respo/com/alibaba/fastjson/1.2.46/fastjson-1.2.46.jar:/Users/docker/Documents/respo/org/xhtmlrenderer/core-renderer/R8pre2/core-renderer-R8pre2.jar:/Users/docker/Documents/respo/com/lowagie/itext/2.0.8/itext-2.0.8.jar:/Users/docker/Documents/respo/bouncycastle/bcmail-jdk14/138/bcmail-jdk14-138.jar:/Users/docker/Documents/respo/bouncycastle/bcprov-jdk14/138/bcprov-jdk14-138.jar:/Users/docker/Documents/respo/com/itextpdf/itext-asian/5.2.0/itext-asian-5.2.0.jar:/Users/docker/Documents/respo/org/jsoup/jsoup/1.11.3/jsoup-1.11.3.jar:/Users/docker/Documents/respo/org/swinglabs/pdf-renderer/1.0.5/pdf-renderer-1.0.5.jar:"/>
    <property name="java.vm.vendor" value="Oracle Corporation"/>
    <property name="sun.arch.data.model" value="64"/>
    <property name="java.vendor.url" value="http://java.oracle.com/"/>
    <property name="user.timezone" value=""/>
    <property name="java.vm.specification.version" value="1.8"/>
    <property name="os.name" value="Mac OS X"/>
    <property name="user.country" value="CN"/>
    <property name="sun.java.launcher" value="SUN_STANDARD"/>
    <property name="sun.boot.library.path" value="/Library/Java/JavaVirtualMachines/jdk1.8.0_181.jdk/Contents/Home/jre/lib"/>
    <property name="sun.java.command" value="/Users/docker/Desktop/yanqingrepository/mmanager/target/surefire/surefirebooter6924601465128111080.jar /Users/docker/Desktop/yanqingrepository/mmanager/target/surefire 2019-01-09T21-09-02_572-jvmRun1 surefire2143655736806661070tmp surefire_01041465361681324096tmp"/>
    <property name="http.nonProxyHosts" value="local|*.local|169.254/16|*.169.254/16"/>
    <property name="surefire.test.class.path" value="/Users/docker/Desktop/yanqingrepository/mmanager/target/test-classes:/Users/docker/Desktop/yanqingrepository/mmanager/target/classes:/Users/docker/Documents/respo/org/springframework/boot/spring-boot-starter-web/2.0.1.RELEASE/spring-boot-starter-web-2.0.1.RELEASE.jar:/Users/docker/Documents/respo/org/springframework/boot/spring-boot-starter/2.0.1.RELEASE/spring-boot-starter-2.0.1.RELEASE.jar:/Users/docker/Documents/respo/org/springframework/boot/spring-boot-starter-logging/2.0.1.RELEASE/spring-boot-starter-logging-2.0.1.RELEASE.jar:/Users/docker/Documents/respo/ch/qos/logback/logback-classic/1.2.3/logback-classic-1.2.3.jar:/Users/docker/Documents/respo/ch/qos/logback/logback-core/1.2.3/logback-core-1.2.3.jar:/Users/docker/Documents/respo/org/apache/logging/log4j/log4j-to-slf4j/2.10.0/log4j-to-slf4j-2.10.0.jar:/Users/docker/Documents/respo/org/apache/logging/log4j/log4j-api/2.10.0/log4j-api-2.10.0.jar:/Users/docker/Documents/respo/org/slf4j/jul-to-slf4j/1.7.25/jul-to-slf4j-1.7.25.jar:/Users/docker/Documents/respo/javax/annotation/javax.annotation-api/1.3.2/javax.annotation-api-1.3.2.jar:/Users/docker/Documents/respo/org/yaml/snakeyaml/1.19/snakeyaml-1.19.jar:/Users/docker/Documents/respo/org/springframework/boot/spring-boot-starter-json/2.0.1.RELEASE/spring-boot-starter-json-2.0.1.RELEASE.jar:/Users/docker/Documents/respo/com/fasterxml/jackson/core/jackson-databind/2.9.5/jackson-databind-2.9.5.jar:/Users/docker/Documents/respo/com/fasterxml/jackson/core/jackson-annotations/2.9.0/jackson-annotations-2.9.0.jar:/Users/docker/Documents/respo/com/fasterxml/jackson/core/jackson-core/2.9.5/jackson-core-2.9.5.jar:/Users/docker/Documents/respo/com/fasterxml/jackson/datatype/jackson-datatype-jdk8/2.9.5/jackson-datatype-jdk8-2.9.5.jar:/Users/docker/Documents/respo/com/fasterxml/jackson/datatype/jackson-datatype-jsr310/2.9.5/jackson-datatype-jsr310-2.9.5.jar:/Users/docker/Documents/respo/com/fasterxml/jackson/module/jackson-module-parameter-names/2.9.5/jackson-module-parameter-names-2.9.5.jar:/Users/docker/Documents/respo/org/springframework/boot/spring-boot-starter-tomcat/2.0.1.RELEASE/spring-boot-starter-tomcat-2.0.1.RELEASE.jar:/Users/docker/Documents/respo/org/apache/tomcat/embed/tomcat-embed-core/8.5.29/tomcat-embed-core-8.5.29.jar:/Users/docker/Documents/respo/org/apache/tomcat/embed/tomcat-embed-el/8.5.29/tomcat-embed-el-8.5.29.jar:/Users/docker/Documents/respo/org/apache/tomcat/embed/tomcat-embed-websocket/8.5.29/tomcat-embed-websocket-8.5.29.jar:/Users/docker/Documents/respo/org/hibernate/validator/hibernate-validator/6.0.9.Final/hibernate-validator-6.0.9.Final.jar:/Users/docker/Documents/respo/javax/validation/validation-api/2.0.1.Final/validation-api-2.0.1.Final.jar:/Users/docker/Documents/respo/org/jboss/logging/jboss-logging/3.3.2.Final/jboss-logging-3.3.2.Final.jar:/Users/docker/Documents/respo/com/fasterxml/classmate/1.3.4/classmate-1.3.4.jar:/Users/docker/Documents/respo/org/springframework/spring-web/5.0.5.RELEASE/spring-web-5.0.5.RELEASE.jar:/Users/docker/Documents/respo/org/springframework/spring-beans/5.0.5.RELEASE/spring-beans-5.0.5.RELEASE.jar:/Users/docker/Documents/respo/org/springframework/spring-webmvc/5.0.5.RELEASE/spring-webmvc-5.0.5.RELEASE.jar:/Users/docker/Documents/respo/org/springframework/spring-aop/5.0.5.RELEASE/spring-aop-5.0.5.RELEASE.jar:/Users/docker/Documents/respo/org/springframework/spring-context/5.0.5.RELEASE/spring-context-5.0.5.RELEASE.jar:/Users/docker/Documents/respo/org/springframework/spring-expression/5.0.5.RELEASE/spring-expression-5.0.5.RELEASE.jar:/Users/docker/Documents/respo/org/springframework/boot/spring-boot-starter-test/2.0.1.RELEASE/spring-boot-starter-test-2.0.1.RELEASE.jar:/Users/docker/Documents/respo/org/springframework/boot/spring-boot-test/2.0.1.RELEASE/spring-boot-test-2.0.1.RELEASE.jar:/Users/docker/Documents/respo/org/springframework/boot/spring-boot-test-autoconfigure/2.0.1.RELEASE/spring-boot-test-autoconfigure-2.0.1.RELEASE.jar:/Users/docker/Documents/respo/com/jayway/jsonpath/json-path/2.4.0/json-path-2.4.0.jar:/Users/docker/Documents/respo/net/minidev/json-smart/2.3/json-smart-2.3.jar:/Users/docker/Documents/respo/net/minidev/accessors-smart/1.2/accessors-smart-1.2.jar:/Users/docker/Documents/respo/org/ow2/asm/asm/5.0.4/asm-5.0.4.jar:/Users/docker/Documents/respo/org/assertj/assertj-core/3.9.1/assertj-core-3.9.1.jar:/Users/docker/Documents/respo/org/mockito/mockito-core/2.15.0/mockito-core-2.15.0.jar:/Users/docker/Documents/respo/net/bytebuddy/byte-buddy/1.7.11/byte-buddy-1.7.11.jar:/Users/docker/Documents/respo/net/bytebuddy/byte-buddy-agent/1.7.11/byte-buddy-agent-1.7.11.jar:/Users/docker/Documents/respo/org/objenesis/objenesis/2.6/objenesis-2.6.jar:/Users/docker/Documents/respo/org/hamcrest/hamcrest-core/1.3/hamcrest-core-1.3.jar:/Users/docker/Documents/respo/org/hamcrest/hamcrest-library/1.3/hamcrest-library-1.3.jar:/Users/docker/Documents/respo/org/skyscreamer/jsonassert/1.5.0/jsonassert-1.5.0.jar:/Users/docker/Documents/respo/com/vaadin/external/google/android-json/0.0.20131108.vaadin1/android-json-0.0.20131108.vaadin1.jar:/Users/docker/Documents/respo/org/springframework/spring-core/5.0.5.RELEASE/spring-core-5.0.5.RELEASE.jar:/Users/docker/Documents/respo/org/springframework/spring-jcl/5.0.5.RELEASE/spring-jcl-5.0.5.RELEASE.jar:/Users/docker/Documents/respo/org/springframework/spring-test/5.0.5.RELEASE/spring-test-5.0.5.RELEASE.jar:/Users/docker/Documents/respo/org/xmlunit/xmlunit-core/2.5.1/xmlunit-core-2.5.1.jar:/Users/docker/Documents/respo/org/springframework/boot/spring-boot-starter-thymeleaf/2.0.1.RELEASE/spring-boot-starter-thymeleaf-2.0.1.RELEASE.jar:/Users/docker/Documents/respo/org/thymeleaf/thymeleaf-spring5/3.0.9.RELEASE/thymeleaf-spring5-3.0.9.RELEASE.jar:/Users/docker/Documents/respo/org/thymeleaf/thymeleaf/3.0.9.RELEASE/thymeleaf-3.0.9.RELEASE.jar:/Users/docker/Documents/respo/org/attoparser/attoparser/2.0.4.RELEASE/attoparser-2.0.4.RELEASE.jar:/Users/docker/Documents/respo/org/unbescape/unbescape/1.1.5.RELEASE/unbescape-1.1.5.RELEASE.jar:/Users/docker/Documents/respo/org/thymeleaf/extras/thymeleaf-extras-java8time/3.0.1.RELEASE/thymeleaf-extras-java8time-3.0.1.RELEASE.jar:/Users/docker/Documents/respo/org/mybatis/spring/boot/mybatis-spring-boot-starter/1.3.0/mybatis-spring-boot-starter-1.3.0.jar:/Users/docker/Documents/respo/org/springframework/boot/spring-boot-starter-jdbc/2.0.1.RELEASE/spring-boot-starter-jdbc-2.0.1.RELEASE.jar:/Users/docker/Documents/respo/com/zaxxer/HikariCP/2.7.8/HikariCP-2.7.8.jar:/Users/docker/Documents/respo/org/springframework/spring-jdbc/5.0.5.RELEASE/spring-jdbc-5.0.5.RELEASE.jar:/Users/docker/Documents/respo/org/mybatis/spring/boot/mybatis-spring-boot-autoconfigure/1.3.0/mybatis-spring-boot-autoconfigure-1.3.0.jar:/Users/docker/Documents/respo/org/mybatis/mybatis/3.4.4/mybatis-3.4.4.jar:/Users/docker/Documents/respo/org/mybatis/mybatis-spring/1.3.1/mybatis-spring-1.3.1.jar:/Users/docker/Documents/respo/org/slf4j/slf4j-log4j12/1.8.0-beta2/slf4j-log4j12-1.8.0-beta2.jar:/Users/docker/Documents/respo/org/slf4j/slf4j-api/1.7.25/slf4j-api-1.7.25.jar:/Users/docker/Documents/respo/log4j/log4j/1.2.17/log4j-1.2.17.jar:/Users/docker/Documents/respo/mysql/mysql-connector-java/5.1.25/mysql-connector-java-5.1.25.jar:/Users/docker/Documents/respo/org/projectlombok/lombok/1.16.10/lombok-1.16.10.jar:/Users/docker/Documents/respo/commons-httpclient/commons-httpclient/3.1/commons-httpclient-3.1.jar:/Users/docker/Documents/respo/commons-logging/commons-logging/1.0.4/commons-logging-1.0.4.jar:/Users/docker/Documents/respo/commons-codec/commons-codec/1.11/commons-codec-1.11.jar:/Users/docker/Documents/respo/org/dom4j/dom4j/2.1.0/dom4j-2.1.0.jar:/Users/docker/Documents/respo/jaxen/jaxen/1.1.6/jaxen-1.1.6.jar:/Users/docker/Documents/respo/com/github/servanter/netsfjson-support-spring/1.0.0/netsfjson-support-spring-1.0.0.jar:/Users/docker/Documents/respo/net/sf/json-lib/json-lib/2.2.2/json-lib-2.2.2-jdk15.jar:/Users/docker/Documents/respo/commons-beanutils/commons-beanutils/1.7.0/commons-beanutils-1.7.0.jar:/Users/docker/Documents/respo/commons-collections/commons-collections/3.2/commons-collections-3.2.jar:/Users/docker/Documents/respo/commons-lang/commons-lang/2.4/commons-lang-2.4.jar:/Users/docker/Documents/respo/net/sf/ezmorph/ezmorph/1.0.4/ezmorph-1.0.4.jar:/Users/docker/Documents/respo/javax/servlet/servlet-api/2.4/servlet-api-2.4.jar:/Users/docker/Documents/respo/org/junit/jupiter/junit-jupiter-api/5.1.0/junit-jupiter-api-5.1.0.jar:/Users/docker/Documents/respo/org/apiguardian/apiguardian-api/1.0.0/apiguardian-api-1.0.0.jar:/Users/docker/Documents/respo/org/opentest4j/opentest4j/1.0.0/opentest4j-1.0.0.jar:/Users/docker/Documents/respo/org/junit/platform/junit-platform-commons/1.1.0/junit-platform-commons-1.1.0.jar:/Users/docker/Documents/respo/org/springframework/boot/spring-boot-devtools/2.0.1.RELEASE/spring-boot-devtools-2.0.1.RELEASE.jar:/Users/docker/Documents/respo/org/springframework/boot/spring-boot/2.0.1.RELEASE/spring-boot-2.0.1.RELEASE.jar:/Users/docker/Documents/respo/org/springframework/boot/spring-boot-autoconfigure/2.0.1.RELEASE/spring-boot-autoconfigure-2.0.1.RELEASE.jar:/Users/docker/Documents/respo/org/apache/directory/studio/org.apache.commons.io/2.4/org.apache.commons.io-2.4.jar:/Users/docker/Documents/respo/commons-io/commons-io/2.4/commons-io-2.4.jar:/Users/docker/Documents/respo/com/google/code/gson/gson/2.7/gson-2.7.jar:/Users/docker/Documents/respo/org/springframework/boot/spring-boot-starter-data-redis/2.0.1.RELEASE/spring-boot-starter-data-redis-2.0.1.RELEASE.jar:/Users/docker/Documents/respo/org/springframework/data/spring-data-redis/2.0.6.RELEASE/spring-data-redis-2.0.6.RELEASE.jar:/Users/docker/Documents/respo/org/springframework/data/spring-data-keyvalue/2.0.6.RELEASE/spring-data-keyvalue-2.0.6.RELEASE.jar:/Users/docker/Documents/respo/org/springframework/data/spring-data-commons/2.0.6.RELEASE/spring-data-commons-2.0.6.RELEASE.jar:/Users/docker/Documents/respo/org/springframework/spring-tx/5.0.5.RELEASE/spring-tx-5.0.5.RELEASE.jar:/Users/docker/Documents/respo/org/springframework/spring-oxm/5.0.5.RELEASE/spring-oxm-5.0.5.RELEASE.jar:/Users/docker/Documents/respo/org/springframework/spring-context-support/5.0.5.RELEASE/spring-context-support-5.0.5.RELEASE.jar:/Users/docker/Documents/respo/io/lettuce/lettuce-core/5.0.3.RELEASE/lettuce-core-5.0.3.RELEASE.jar:/Users/docker/Documents/respo/io/projectreactor/reactor-core/3.1.6.RELEASE/reactor-core-3.1.6.RELEASE.jar:/Users/docker/Documents/respo/org/reactivestreams/reactive-streams/1.0.2/reactive-streams-1.0.2.jar:/Users/docker/Documents/respo/io/netty/netty-common/4.1.23.Final/netty-common-4.1.23.Final.jar:/Users/docker/Documents/respo/io/netty/netty-transport/4.1.23.Final/netty-transport-4.1.23.Final.jar:/Users/docker/Documents/respo/io/netty/netty-buffer/4.1.23.Final/netty-buffer-4.1.23.Final.jar:/Users/docker/Documents/respo/io/netty/netty-resolver/4.1.23.Final/netty-resolver-4.1.23.Final.jar:/Users/docker/Documents/respo/io/netty/netty-handler/4.1.23.Final/netty-handler-4.1.23.Final.jar:/Users/docker/Documents/respo/io/netty/netty-codec/4.1.23.Final/netty-codec-4.1.23.Final.jar:/Users/docker/Documents/respo/redis/clients/jedis/2.8.1/jedis-2.8.1.jar:/Users/docker/Documents/respo/org/apache/commons/commons-pool2/2.5.0/commons-pool2-2.5.0.jar:/Users/docker/Documents/respo/junit/junit/4.12/junit-4.12.jar:/Users/docker/Documents/respo/org/apache/httpcomponents/httpclient/4.5.2/httpclient-4.5.2.jar:/Users/docker/Documents/respo/org/apache/httpcomponents/httpcore/4.4.9/httpcore-4.4.9.jar:/Users/docker/Documents/respo/com/alibaba/fastjson/1.2.46/fastjson-1.2.46.jar:/Users/docker/Documents/respo/org/xhtmlrenderer/core-renderer/R8pre2/core-renderer-R8pre2.jar:/Users/docker/Documents/respo/com/lowagie/itext/2.0.8/itext-2.0.8.jar:/Users/docker/Documents/respo/bouncycastle/bcmail-jdk14/138/bcmail-jdk14-138.jar:/Users/docker/Documents/respo/bouncycastle/bcprov-jdk14/138/bcprov-jdk14-138.jar:/Users/docker/Documents/respo/com/itextpdf/itext-asian/5.2.0/itext-asian-5.2.0.jar:/Users/docker/Documents/respo/org/jsoup/jsoup/1.11.3/jsoup-1.11.3.jar:/Users/docker/Documents/respo/org/swinglabs/pdf-renderer/1.0.5/pdf-renderer-1.0.5.jar:"/>
    <property name="sun.cpu.endian" value="little"/>
    <property name="user.home" value="/Users/docker"/>
    <property name="user.language" value="zh"/>
    <property name="java.specification.vendor" value="Oracle Corporation"/>
    <property name="java.home" value="/Library/Java/JavaVirtualMachines/jdk1.8.0_181.jdk/Contents/Home/jre"/>
    <property name="basedir" value="/Users/docker/Desktop/yanqingrepository/mmanager"/>
    <property name="file.separator" value="/"/>
    <property name="line.separator" value="&#10;"/>
    <property name="java.vm.specification.vendor" value="Oracle Corporation"/>
    <property name="java.specification.name" value="Java Platform API Specification"/>
    <property name="java.awt.graphicsenv" value="sun.awt.CGraphicsEnvironment"/>
    <property name="surefire.real.class.path" value="/Users/docker/Desktop/yanqingrepository/mmanager/target/surefire/surefirebooter6924601465128111080.jar"/>
    <property name="sun.boot.class.path" value="/Library/Java/JavaVirtualMachines/jdk1.8.0_181.jdk/Contents/Home/jre/lib/resources.jar:/Library/Java/JavaVirtualMachines/jdk1.8.0_181.jdk/Contents/Home/jre/lib/rt.jar:/Library/Java/JavaVirtualMachines/jdk1.8.0_181.jdk/Contents/Home/jre/lib/sunrsasign.jar:/Library/Java/JavaVirtualMachines/jdk1.8.0_181.jdk/Contents/Home/jre/lib/jsse.jar:/Library/Java/JavaVirtualMachines/jdk1.8.0_181.jdk/Contents/Home/jre/lib/jce.jar:/Library/Java/JavaVirtualMachines/jdk1.8.0_181.jdk/Contents/Home/jre/lib/charsets.jar:/Library/Java/JavaVirtualMachines/jdk1.8.0_181.jdk/Contents/Home/jre/lib/jfr.jar:/Library/Java/JavaVirtualMachines/jdk1.8.0_181.jdk/Contents/Home/jre/classes"/>
    <property name="sun.management.compiler" value="HotSpot 64-Bit Tiered Compilers"/>
    <property name="ftp.nonProxyHosts" value="local|*.local|169.254/16|*.169.254/16"/>
    <property name="java.runtime.version" value="1.8.0_181-b13"/>
    <property name="user.name" value="docker"/>
    <property name="path.separator" value=":"/>
    <property name="os.version" value="10.14"/>
    <property name="java.endorsed.dirs" value="/Library/Java/JavaVirtualMachines/jdk1.8.0_181.jdk/Contents/Home/jre/lib/endorsed"/>
    <property name="java.runtime.name" value="Java(TM) SE Runtime Environment"/>
    <property name="file.encoding" value="UTF-8"/>
    <property name="java.vm.name" value="Java HotSpot(TM) 64-Bit Server VM"/>
    <property name="localRepository" value="/Users/docker/Documents/respo"/>
    <property name="java.vendor.url.bug" value="http://bugreport.sun.com/bugreport/"/>
    <property name="java.io.tmpdir" value="/var/folders/fg/61_sh6vs2575_0wg5p0d15l00000gn/T/"/>
    <property name="idea.version" value="2018.2"/>
    <property name="java.version" value="1.8.0_181"/>
    <property name="user.dir" value="/Users/docker/Desktop/yanqingrepository/mmanager"/>
    <property name="os.arch" value="x86_64"/>
    <property name="java.vm.specification.name" value="Java Virtual Machine Specification"/>
    <property name="java.awt.printerjob" value="sun.lwawt.macosx.CPrinterJob"/>
    <property name="sun.os.patch.level" value="unknown"/>
    <property name="java.library.path" value="/Users/docker/Library/Java/Extensions:/Library/Java/Extensions:/Network/Library/Java/Extensions:/System/Library/Java/Extensions:/usr/lib/java:."/>
    <property name="java.vm.info" value="mixed mode"/>
    <property name="java.vendor" value="Oracle Corporation"/>
    <property name="java.vm.version" value="25.181-b13"/>
    <property name="java.ext.dirs" value="/Users/docker/Library/Java/Extensions:/Library/Java/JavaVirtualMachines/jdk1.8.0_181.jdk/Contents/Home/jre/lib/ext:/Library/Java/Extensions:/Network/Library/Java/Extensions:/System/Library/Java/Extensions:/usr/lib/java"/>
    <property name="sun.io.unicode.encoding" value="UnicodeBig"/>
    <property name="maven.repo.local" value="/Users/docker/Documents/respo"/>
    <property name="java.class.version" value="52.0"/>
    <property name="socksNonProxyHosts" value="local|*.local|169.254/16|*.169.254/16"/>
  </properties>
  <testcase name="contextLoads" classname="cn.com.caogen.mmanager.MmanagerApplicationTests" time="0.1"/>
</testsuite>