<?xml version="1.0" encoding="UTF-8"?>
<testsuite xmlns:xsi="http://www.w3.org/2001/XMLSchema-instance" xsi:noNamespaceSchemaLocation="https://maven.apache.org/surefire/maven-surefire-plugin/xsd/surefire-test-report.xsd" name="cn.com.caogen.money.MoneyApplicationTests" time="26.134" tests="1" errors="0" skipped="0" failures="0">
  <properties>
    <property name="sun.desktop" value="windows"/>
    <property name="awt.toolkit" value="sun.awt.windows.WToolkit"/>
    <property name="file.encoding.pkg" value="sun.io"/>
    <property name="java.specification.version" value="1.8"/>
    <property name="sun.cpu.isalist" value="amd64"/>
    <property name="sun.jnu.encoding" value="GBK"/>
    <property name="java.class.path" value="E:\pc\yanqingrepository\moneysystem\target\test-classes;E:\pc\yanqingrepository\moneysystem\target\classes;C:\mavenrepostory\org\springframework\boot\spring-boot-starter-web\2.0.1.RELEASE\spring-boot-starter-web-2.0.1.RELEASE.jar;C:\mavenrepostory\org\springframework\boot\spring-boot-starter\2.0.1.RELEASE\spring-boot-starter-2.0.1.RELEASE.jar;C:\mavenrepostory\org\springframework\boot\spring-boot-starter-logging\2.0.1.RELEASE\spring-boot-starter-logging-2.0.1.RELEASE.jar;C:\mavenrepostory\ch\qos\logback\logback-classic\1.2.3\logback-classic-1.2.3.jar;C:\mavenrepostory\ch\qos\logback\logback-core\1.2.3\logback-core-1.2.3.jar;C:\mavenrepostory\org\apache\logging\log4j\log4j-to-slf4j\2.10.0\log4j-to-slf4j-2.10.0.jar;C:\mavenrepostory\org\apache\logging\log4j\log4j-api\2.10.0\log4j-api-2.10.0.jar;C:\mavenrepostory\org\slf4j\jul-to-slf4j\1.7.25\jul-to-slf4j-1.7.25.jar;C:\mavenrepostory\javax\annotation\javax.annotation-api\1.3.2\javax.annotation-api-1.3.2.jar;C:\mavenrepostory\org\yaml\snakeyaml\1.19\snakeyaml-1.19.jar;C:\mavenrepostory\org\springframework\boot\spring-boot-starter-json\2.0.1.RELEASE\spring-boot-starter-json-2.0.1.RELEASE.jar;C:\mavenrepostory\com\fasterxml\jackson\core\jackson-databind\2.9.5\jackson-databind-2.9.5.jar;C:\mavenrepostory\com\fasterxml\jackson\core\jackson-annotations\2.9.0\jackson-annotations-2.9.0.jar;C:\mavenrepostory\com\fasterxml\jackson\core\jackson-core\2.9.5\jackson-core-2.9.5.jar;C:\mavenrepostory\com\fasterxml\jackson\datatype\jackson-datatype-jdk8\2.9.5\jackson-datatype-jdk8-2.9.5.jar;C:\mavenrepostory\com\fasterxml\jackson\datatype\jackson-datatype-jsr310\2.9.5\jackson-datatype-jsr310-2.9.5.jar;C:\mavenrepostory\com\fasterxml\jackson\module\jackson-module-parameter-names\2.9.5\jackson-module-parameter-names-2.9.5.jar;C:\mavenrepostory\org\springframework\boot\spring-boot-starter-tomcat\2.0.1.RELEASE\spring-boot-starter-tomcat-2.0.1.RELEASE.jar;C:\mavenrepostory\org\apache\tomcat\embed\tomcat-embed-core\8.5.29\tomcat-embed-core-8.5.29.jar;C:\mavenrepostory\org\apache\tomcat\embed\tomcat-embed-el\8.5.29\tomcat-embed-el-8.5.29.jar;C:\mavenrepostory\org\apache\tomcat\embed\tomcat-embed-websocket\8.5.29\tomcat-embed-websocket-8.5.29.jar;C:\mavenrepostory\org\hibernate\validator\hibernate-validator\6.0.9.Final\hibernate-validator-6.0.9.Final.jar;C:\mavenrepostory\javax\validation\validation-api\2.0.1.Final\validation-api-2.0.1.Final.jar;C:\mavenrepostory\org\jboss\logging\jboss-logging\3.3.2.Final\jboss-logging-3.3.2.Final.jar;C:\mavenrepostory\com\fasterxml\classmate\1.3.4\classmate-1.3.4.jar;C:\mavenrepostory\org\springframework\spring-web\5.0.5.RELEASE\spring-web-5.0.5.RELEASE.jar;C:\mavenrepostory\org\springframework\spring-beans\5.0.5.RELEASE\spring-beans-5.0.5.RELEASE.jar;C:\mavenrepostory\org\springframework\spring-webmvc\5.0.5.RELEASE\spring-webmvc-5.0.5.RELEASE.jar;C:\mavenrepostory\org\springframework\spring-aop\5.0.5.RELEASE\spring-aop-5.0.5.RELEASE.jar;C:\mavenrepostory\org\springframework\spring-context\5.0.5.RELEASE\spring-context-5.0.5.RELEASE.jar;C:\mavenrepostory\org\springframework\spring-expression\5.0.5.RELEASE\spring-expression-5.0.5.RELEASE.jar;C:\mavenrepostory\org\springframework\boot\spring-boot-starter-test\2.0.1.RELEASE\spring-boot-starter-test-2.0.1.RELEASE.jar;C:\mavenrepostory\org\springframework\boot\spring-boot-test\2.0.1.RELEASE\spring-boot-test-2.0.1.RELEASE.jar;C:\mavenrepostory\org\springframework\boot\spring-boot-test-autoconfigure\2.0.1.RELEASE\spring-boot-test-autoconfigure-2.0.1.RELEASE.jar;C:\mavenrepostory\com\jayway\jsonpath\json-path\2.4.0\json-path-2.4.0.jar;C:\mavenrepostory\net\minidev\json-smart\2.3\json-smart-2.3.jar;C:\mavenrepostory\net\minidev\accessors-smart\1.2\accessors-smart-1.2.jar;C:\mavenrepostory\org\ow2\asm\asm\5.0.4\asm-5.0.4.jar;C:\mavenrepostory\org\assertj\assertj-core\3.9.1\assertj-core-3.9.1.jar;C:\mavenrepostory\org\mockito\mockito-core\2.15.0\mockito-core-2.15.0.jar;C:\mavenrepostory\net\bytebuddy\byte-buddy\1.7.11\byte-buddy-1.7.11.jar;C:\mavenrepostory\net\bytebuddy\byte-buddy-agent\1.7.11\byte-buddy-agent-1.7.11.jar;C:\mavenrepostory\org\objenesis\objenesis\2.6\objenesis-2.6.jar;C:\mavenrepostory\org\hamcrest\hamcrest-core\1.3\hamcrest-core-1.3.jar;C:\mavenrepostory\org\hamcrest\hamcrest-library\1.3\hamcrest-library-1.3.jar;C:\mavenrepostory\org\skyscreamer\jsonassert\1.5.0\jsonassert-1.5.0.jar;C:\mavenrepostory\com\vaadin\external\google\android-json\0.0.20131108.vaadin1\android-json-0.0.20131108.vaadin1.jar;C:\mavenrepostory\org\springframework\spring-core\5.0.5.RELEASE\spring-core-5.0.5.RELEASE.jar;C:\mavenrepostory\org\springframework\spring-jcl\5.0.5.RELEASE\spring-jcl-5.0.5.RELEASE.jar;C:\mavenrepostory\org\springframework\spring-test\5.0.5.RELEASE\spring-test-5.0.5.RELEASE.jar;C:\mavenrepostory\org\xmlunit\xmlunit-core\2.5.1\xmlunit-core-2.5.1.jar;C:\mavenrepostory\org\springframework\boot\spring-boot-starter-thymeleaf\2.0.1.RELEASE\spring-boot-starter-thymeleaf-2.0.1.RELEASE.jar;C:\mavenrepostory\org\thymeleaf\thymeleaf-spring5\3.0.9.RELEASE\thymeleaf-spring5-3.0.9.RELEASE.jar;C:\mavenrepostory\org\thymeleaf\thymeleaf\3.0.9.RELEASE\thymeleaf-3.0.9.RELEASE.jar;C:\mavenrepostory\org\attoparser\attoparser\2.0.4.RELEASE\attoparser-2.0.4.RELEASE.jar;C:\mavenrepostory\org\unbescape\unbescape\1.1.5.RELEASE\unbescape-1.1.5.RELEASE.jar;C:\mavenrepostory\org\thymeleaf\extras\thymeleaf-extras-java8time\3.0.1.RELEASE\thymeleaf-extras-java8time-3.0.1.RELEASE.jar;C:\mavenrepostory\org\mybatis\spring\boot\mybatis-spring-boot-starter\1.3.0\mybatis-spring-boot-starter-1.3.0.jar;C:\mavenrepostory\org\springframework\boot\spring-boot-starter-jdbc\2.0.1.RELEASE\spring-boot-starter-jdbc-2.0.1.RELEASE.jar;C:\mavenrepostory\com\zaxxer\HikariCP\2.7.8\HikariCP-2.7.8.jar;C:\mavenrepostory\org\springframework\spring-jdbc\5.0.5.RELEASE\spring-jdbc-5.0.5.RELEASE.jar;C:\mavenrepostory\org\mybatis\spring\boot\mybatis-spring-boot-autoconfigure\1.3.0\mybatis-spring-boot-autoconfigure-1.3.0.jar;C:\mavenrepostory\org\mybatis\mybatis\3.4.4\mybatis-3.4.4.jar;C:\mavenrepostory\org\mybatis\mybatis-spring\1.3.1\mybatis-spring-1.3.1.jar;C:\mavenrepostory\org\slf4j\slf4j-log4j12\1.8.0-beta2\slf4j-log4j12-1.8.0-beta2.jar;C:\mavenrepostory\org\slf4j\slf4j-api\1.7.25\slf4j-api-1.7.25.jar;C:\mavenrepostory\log4j\log4j\1.2.17\log4j-1.2.17.jar;C:\mavenrepostory\mysql\mysql-connector-java\5.1.25\mysql-connector-java-5.1.25.jar;C:\mavenrepostory\org\projectlombok\lombok\1.16.10\lombok-1.16.10.jar;C:\mavenrepostory\commons-httpclient\commons-httpclient\3.1\commons-httpclient-3.1.jar;C:\mavenrepostory\commons-logging\commons-logging\1.0.4\commons-logging-1.0.4.jar;C:\mavenrepostory\commons-codec\commons-codec\1.11\commons-codec-1.11.jar;C:\mavenrepostory\org\dom4j\dom4j\2.1.0\dom4j-2.1.0.jar;C:\mavenrepostory\jaxen\jaxen\1.1.6\jaxen-1.1.6.jar;C:\mavenrepostory\com\github\servanter\netsfjson-support-spring\1.0.0\netsfjson-support-spring-1.0.0.jar;C:\mavenrepostory\net\sf\json-lib\json-lib\2.2.2\json-lib-2.2.2-jdk15.jar;C:\mavenrepostory\commons-beanutils\commons-beanutils\1.7.0\commons-beanutils-1.7.0.jar;C:\mavenrepostory\commons-collections\commons-collections\3.2\commons-collections-3.2.jar;C:\mavenrepostory\commons-lang\commons-lang\2.4\commons-lang-2.4.jar;C:\mavenrepostory\net\sf\ezmorph\ezmorph\1.0.4\ezmorph-1.0.4.jar;C:\mavenrepostory\javax\servlet\servlet-api\2.4\servlet-api-2.4.jar;C:\mavenrepostory\org\junit\jupiter\junit-jupiter-api\5.1.0\junit-jupiter-api-5.1.0.jar;C:\mavenrepostory\org\apiguardian\apiguardian-api\1.0.0\apiguardian-api-1.0.0.jar;C:\mavenrepostory\org\opentest4j\opentest4j\1.0.0\opentest4j-1.0.0.jar;C:\mavenrepostory\org\junit\platform\junit-platform-commons\1.1.0\junit-platform-commons-1.1.0.jar;C:\mavenrepostory\org\springframework\boot\spring-boot-devtools\2.0.1.RELEASE\spring-boot-devtools-2.0.1.RELEASE.jar;C:\mavenrepostory\org\springframework\boot\spring-boot\2.0.1.RELEASE\spring-boot-2.0.1.RELEASE.jar;C:\mavenrepostory\org\springframework\boot\spring-boot-autoconfigure\2.0.1.RELEASE\spring-boot-autoconfigure-2.0.1.RELEASE.jar;C:\mavenrepostory\org\apache\directory\studio\org.apache.commons.io\2.4\org.apache.commons.io-2.4.jar;C:\mavenrepostory\commons-io\commons-io\2.4\commons-io-2.4.jar;C:\mavenrepostory\com\google\code\gson\gson\2.7\gson-2.7.jar;C:\mavenrepostory\org\springframework\boot\spring-boot-starter-data-redis\2.0.1.RELEASE\spring-boot-starter-data-redis-2.0.1.RELEASE.jar;C:\mavenrepostory\org\springframework\data\spring-data-redis\2.0.6.RELEASE\spring-data-redis-2.0.6.RELEASE.jar;C:\mavenrepostory\org\springframework\data\spring-data-keyvalue\2.0.6.RELEASE\spring-data-keyvalue-2.0.6.RELEASE.jar;C:\mavenrepostory\org\springframework\data\spring-data-commons\2.0.6.RELEASE\spring-data-commons-2.0.6.RELEASE.jar;C:\mavenrepostory\org\springframework\spring-tx\5.0.5.RELEASE\spring-tx-5.0.5.RELEASE.jar;C:\mavenrepostory\org\springframework\spring-oxm\5.0.5.RELEASE\spring-oxm-5.0.5.RELEASE.jar;C:\mavenrepostory\org\springframework\spring-context-support\5.0.5.RELEASE\spring-context-support-5.0.5.RELEASE.jar;C:\mavenrepostory\io\lettuce\lettuce-core\5.0.3.RELEASE\lettuce-core-5.0.3.RELEASE.jar;C:\mavenrepostory\io\projectreactor\reactor-core\3.1.6.RELEASE\reactor-core-3.1.6.RELEASE.jar;C:\mavenrepostory\org\reactivestreams\reactive-streams\1.0.2\reactive-streams-1.0.2.jar;C:\mavenrepostory\io\netty\netty-common\4.1.23.Final\netty-common-4.1.23.Final.jar;C:\mavenrepostory\io\netty\netty-transport\4.1.23.Final\netty-transport-4.1.23.Final.jar;C:\mavenrepostory\io\netty\netty-buffer\4.1.23.Final\netty-buffer-4.1.23.Final.jar;C:\mavenrepostory\io\netty\netty-resolver\4.1.23.Final\netty-resolver-4.1.23.Final.jar;C:\mavenrepostory\io\netty\netty-handler\4.1.23.Final\netty-handler-4.1.23.Final.jar;C:\mavenrepostory\io\netty\netty-codec\4.1.23.Final\netty-codec-4.1.23.Final.jar;C:\mavenrepostory\junit\junit\4.12\junit-4.12.jar;C:\mavenrepostory\org\apache\httpcomponents\httpclient\4.5.2\httpclient-4.5.2.jar;C:\mavenrepostory\org\apache\httpcomponents\httpcore\4.4.9\httpcore-4.4.9.jar;C:\mavenrepostory\com\alibaba\fastjson\1.2.46\fastjson-1.2.46.jar;C:\mavenrepostory\redis\clients\jedis\2.8.1\jedis-2.8.1.jar;C:\mavenrepostory\org\apache\commons\commons-pool2\2.5.0\commons-pool2-2.5.0.jar;C:\mavenrepostory\org\codehaus\jackson\jackson-core-asl\1.9.11\jackson-core-asl-1.9.11.jar;C:\mavenrepostory\org\codehaus\jackson\jackson-mapper-asl\1.9.11\jackson-mapper-asl-1.9.11.jar;C:\mavenrepostory\org\apache\commons\commons-lang3\3.7\commons-lang3-3.7.jar;"/>
    <property name="java.vm.vendor" value="Oracle Corporation"/>
    <property name="sun.arch.data.model" value="64"/>
    <property name="user.variant" value=""/>
    <property name="java.vendor.url" value="http://java.oracle.com/"/>
    <property name="user.timezone" value=""/>
    <property name="java.vm.specification.version" value="1.8"/>
    <property name="os.name" value="Windows 10"/>
    <property name="user.country" value="CN"/>
    <property name="sun.java.launcher" value="SUN_STANDARD"/>
    <property name="sun.boot.library.path" value="C:\Program Files\Java\jdk1.8.0_151\jre\bin"/>
    <property name="sun.java.command" value="C:\Users\llh\AppData\Local\Temp\surefire8429090250593921670\surefirebooter8829182569797439868.jar C:\Users\llh\AppData\Local\Temp\surefire8429090250593921670 2018-11-30T13-19-38_304-jvmRun1 surefire4210290275976137459tmp surefire_03241436702050165142tmp"/>
    <property name="surefire.test.class.path" value="E:\pc\yanqingrepository\moneysystem\target\test-classes;E:\pc\yanqingrepository\moneysystem\target\classes;C:\mavenrepostory\org\springframework\boot\spring-boot-starter-web\2.0.1.RELEASE\spring-boot-starter-web-2.0.1.RELEASE.jar;C:\mavenrepostory\org\springframework\boot\spring-boot-starter\2.0.1.RELEASE\spring-boot-starter-2.0.1.RELEASE.jar;C:\mavenrepostory\org\springframework\boot\spring-boot-starter-logging\2.0.1.RELEASE\spring-boot-starter-logging-2.0.1.RELEASE.jar;C:\mavenrepostory\ch\qos\logback\logback-classic\1.2.3\logback-classic-1.2.3.jar;C:\mavenrepostory\ch\qos\logback\logback-core\1.2.3\logback-core-1.2.3.jar;C:\mavenrepostory\org\apache\logging\log4j\log4j-to-slf4j\2.10.0\log4j-to-slf4j-2.10.0.jar;C:\mavenrepostory\org\apache\logging\log4j\log4j-api\2.10.0\log4j-api-2.10.0.jar;C:\mavenrepostory\org\slf4j\jul-to-slf4j\1.7.25\jul-to-slf4j-1.7.25.jar;C:\mavenrepostory\javax\annotation\javax.annotation-api\1.3.2\javax.annotation-api-1.3.2.jar;C:\mavenrepostory\org\yaml\snakeyaml\1.19\snakeyaml-1.19.jar;C:\mavenrepostory\org\springframework\boot\spring-boot-starter-json\2.0.1.RELEASE\spring-boot-starter-json-2.0.1.RELEASE.jar;C:\mavenrepostory\com\fasterxml\jackson\core\jackson-databind\2.9.5\jackson-databind-2.9.5.jar;C:\mavenrepostory\com\fasterxml\jackson\core\jackson-annotations\2.9.0\jackson-annotations-2.9.0.jar;C:\mavenrepostory\com\fasterxml\jackson\core\jackson-core\2.9.5\jackson-core-2.9.5.jar;C:\mavenrepostory\com\fasterxml\jackson\datatype\jackson-datatype-jdk8\2.9.5\jackson-datatype-jdk8-2.9.5.jar;C:\mavenrepostory\com\fasterxml\jackson\datatype\jackson-datatype-jsr310\2.9.5\jackson-datatype-jsr310-2.9.5.jar;C:\mavenrepostory\com\fasterxml\jackson\module\jackson-module-parameter-names\2.9.5\jackson-module-parameter-names-2.9.5.jar;C:\mavenrepostory\org\springframework\boot\spring-boot-starter-tomcat\2.0.1.RELEASE\spring-boot-starter-tomcat-2.0.1.RELEASE.jar;C:\mavenrepostory\org\apache\tomcat\embed\tomcat-embed-core\8.5.29\tomcat-embed-core-8.5.29.jar;C:\mavenrepostory\org\apache\tomcat\embed\tomcat-embed-el\8.5.29\tomcat-embed-el-8.5.29.jar;C:\mavenrepostory\org\apache\tomcat\embed\tomcat-embed-websocket\8.5.29\tomcat-embed-websocket-8.5.29.jar;C:\mavenrepostory\org\hibernate\validator\hibernate-validator\6.0.9.Final\hibernate-validator-6.0.9.Final.jar;C:\mavenrepostory\javax\validation\validation-api\2.0.1.Final\validation-api-2.0.1.Final.jar;C:\mavenrepostory\org\jboss\logging\jboss-logging\3.3.2.Final\jboss-logging-3.3.2.Final.jar;C:\mavenrepostory\com\fasterxml\classmate\1.3.4\classmate-1.3.4.jar;C:\mavenrepostory\org\springframework\spring-web\5.0.5.RELEASE\spring-web-5.0.5.RELEASE.jar;C:\mavenrepostory\org\springframework\spring-beans\5.0.5.RELEASE\spring-beans-5.0.5.RELEASE.jar;C:\mavenrepostory\org\springframework\spring-webmvc\5.0.5.RELEASE\spring-webmvc-5.0.5.RELEASE.jar;C:\mavenrepostory\org\springframework\spring-aop\5.0.5.RELEASE\spring-aop-5.0.5.RELEASE.jar;C:\mavenrepostory\org\springframework\spring-context\5.0.5.RELEASE\spring-context-5.0.5.RELEASE.jar;C:\mavenrepostory\org\springframework\spring-expression\5.0.5.RELEASE\spring-expression-5.0.5.RELEASE.jar;C:\mavenrepostory\org\springframework\boot\spring-boot-starter-test\2.0.1.RELEASE\spring-boot-starter-test-2.0.1.RELEASE.jar;C:\mavenrepostory\org\springframework\boot\spring-boot-test\2.0.1.RELEASE\spring-boot-test-2.0.1.RELEASE.jar;C:\mavenrepostory\org\springframework\boot\spring-boot-test-autoconfigure\2.0.1.RELEASE\spring-boot-test-autoconfigure-2.0.1.RELEASE.jar;C:\mavenrepostory\com\jayway\jsonpath\json-path\2.4.0\json-path-2.4.0.jar;C:\mavenrepostory\net\minidev\json-smart\2.3\json-smart-2.3.jar;C:\mavenrepostory\net\minidev\accessors-smart\1.2\accessors-smart-1.2.jar;C:\mavenrepostory\org\ow2\asm\asm\5.0.4\asm-5.0.4.jar;C:\mavenrepostory\org\assertj\assertj-core\3.9.1\assertj-core-3.9.1.jar;C:\mavenrepostory\org\mockito\mockito-core\2.15.0\mockito-core-2.15.0.jar;C:\mavenrepostory\net\bytebuddy\byte-buddy\1.7.11\byte-buddy-1.7.11.jar;C:\mavenrepostory\net\bytebuddy\byte-buddy-agent\1.7.11\byte-buddy-agent-1.7.11.jar;C:\mavenrepostory\org\objenesis\objenesis\2.6\objenesis-2.6.jar;C:\mavenrepostory\org\hamcrest\hamcrest-core\1.3\hamcrest-core-1.3.jar;C:\mavenrepostory\org\hamcrest\hamcrest-library\1.3\hamcrest-library-1.3.jar;C:\mavenrepostory\org\skyscreamer\jsonassert\1.5.0\jsonassert-1.5.0.jar;C:\mavenrepostory\com\vaadin\external\google\android-json\0.0.20131108.vaadin1\android-json-0.0.20131108.vaadin1.jar;C:\mavenrepostory\org\springframework\spring-core\5.0.5.RELEASE\spring-core-5.0.5.RELEASE.jar;C:\mavenrepostory\org\springframework\spring-jcl\5.0.5.RELEASE\spring-jcl-5.0.5.RELEASE.jar;C:\mavenrepostory\org\springframework\spring-test\5.0.5.RELEASE\spring-test-5.0.5.RELEASE.jar;C:\mavenrepostory\org\xmlunit\xmlunit-core\2.5.1\xmlunit-core-2.5.1.jar;C:\mavenrepostory\org\springframework\boot\spring-boot-starter-thymeleaf\2.0.1.RELEASE\spring-boot-starter-thymeleaf-2.0.1.RELEASE.jar;C:\mavenrepostory\org\thymeleaf\thymeleaf-spring5\3.0.9.RELEASE\thymeleaf-spring5-3.0.9.RELEASE.jar;C:\mavenrepostory\org\thymeleaf\thymeleaf\3.0.9.RELEASE\thymeleaf-3.0.9.RELEASE.jar;C:\mavenrepostory\org\attoparser\attoparser\2.0.4.RELEASE\attoparser-2.0.4.RELEASE.jar;C:\mavenrepostory\org\unbescape\unbescape\1.1.5.RELEASE\unbescape-1.1.5.RELEASE.jar;C:\mavenrepostory\org\thymeleaf\extras\thymeleaf-extras-java8time\3.0.1.RELEASE\thymeleaf-extras-java8time-3.0.1.RELEASE.jar;C:\mavenrepostory\org\mybatis\spring\boot\mybatis-spring-boot-starter\1.3.0\mybatis-spring-boot-starter-1.3.0.jar;C:\mavenrepostory\org\springframework\boot\spring-boot-starter-jdbc\2.0.1.RELEASE\spring-boot-starter-jdbc-2.0.1.RELEASE.jar;C:\mavenrepostory\com\zaxxer\HikariCP\2.7.8\HikariCP-2.7.8.jar;C:\mavenrepostory\org\springframework\spring-jdbc\5.0.5.RELEASE\spring-jdbc-5.0.5.RELEASE.jar;C:\mavenrepostory\org\mybatis\spring\boot\mybatis-spring-boot-autoconfigure\1.3.0\mybatis-spring-boot-autoconfigure-1.3.0.jar;C:\mavenrepostory\org\mybatis\mybatis\3.4.4\mybatis-3.4.4.jar;C:\mavenrepostory\org\mybatis\mybatis-spring\1.3.1\mybatis-spring-1.3.1.jar;C:\mavenrepostory\org\slf4j\slf4j-log4j12\1.8.0-beta2\slf4j-log4j12-1.8.0-beta2.jar;C:\mavenrepostory\org\slf4j\slf4j-api\1.7.25\slf4j-api-1.7.25.jar;C:\mavenrepostory\log4j\log4j\1.2.17\log4j-1.2.17.jar;C:\mavenrepostory\mysql\mysql-connector-java\5.1.25\mysql-connector-java-5.1.25.jar;C:\mavenrepostory\org\projectlombok\lombok\1.16.10\lombok-1.16.10.jar;C:\mavenrepostory\commons-httpclient\commons-httpclient\3.1\commons-httpclient-3.1.jar;C:\mavenrepostory\commons-logging\commons-logging\1.0.4\commons-logging-1.0.4.jar;C:\mavenrepostory\commons-codec\commons-codec\1.11\commons-codec-1.11.jar;C:\mavenrepostory\org\dom4j\dom4j\2.1.0\dom4j-2.1.0.jar;C:\mavenrepostory\jaxen\jaxen\1.1.6\jaxen-1.1.6.jar;C:\mavenrepostory\com\github\servanter\netsfjson-support-spring\1.0.0\netsfjson-support-spring-1.0.0.jar;C:\mavenrepostory\net\sf\json-lib\json-lib\2.2.2\json-lib-2.2.2-jdk15.jar;C:\mavenrepostory\commons-beanutils\commons-beanutils\1.7.0\commons-beanutils-1.7.0.jar;C:\mavenrepostory\commons-collections\commons-collections\3.2\commons-collections-3.2.jar;C:\mavenrepostory\commons-lang\commons-lang\2.4\commons-lang-2.4.jar;C:\mavenrepostory\net\sf\ezmorph\ezmorph\1.0.4\ezmorph-1.0.4.jar;C:\mavenrepostory\javax\servlet\servlet-api\2.4\servlet-api-2.4.jar;C:\mavenrepostory\org\junit\jupiter\junit-jupiter-api\5.1.0\junit-jupiter-api-5.1.0.jar;C:\mavenrepostory\org\apiguardian\apiguardian-api\1.0.0\apiguardian-api-1.0.0.jar;C:\mavenrepostory\org\opentest4j\opentest4j\1.0.0\opentest4j-1.0.0.jar;C:\mavenrepostory\org\junit\platform\junit-platform-commons\1.1.0\junit-platform-commons-1.1.0.jar;C:\mavenrepostory\org\springframework\boot\spring-boot-devtools\2.0.1.RELEASE\spring-boot-devtools-2.0.1.RELEASE.jar;C:\mavenrepostory\org\springframework\boot\spring-boot\2.0.1.RELEASE\spring-boot-2.0.1.RELEASE.jar;C:\mavenrepostory\org\springframework\boot\spring-boot-autoconfigure\2.0.1.RELEASE\spring-boot-autoconfigure-2.0.1.RELEASE.jar;C:\mavenrepostory\org\apache\directory\studio\org.apache.commons.io\2.4\org.apache.commons.io-2.4.jar;C:\mavenrepostory\commons-io\commons-io\2.4\commons-io-2.4.jar;C:\mavenrepostory\com\google\code\gson\gson\2.7\gson-2.7.jar;C:\mavenrepostory\org\springframework\boot\spring-boot-starter-data-redis\2.0.1.RELEASE\spring-boot-starter-data-redis-2.0.1.RELEASE.jar;C:\mavenrepostory\org\springframework\data\spring-data-redis\2.0.6.RELEASE\spring-data-redis-2.0.6.RELEASE.jar;C:\mavenrepostory\org\springframework\data\spring-data-keyvalue\2.0.6.RELEASE\spring-data-keyvalue-2.0.6.RELEASE.jar;C:\mavenrepostory\org\springframework\data\spring-data-commons\2.0.6.RELEASE\spring-data-commons-2.0.6.RELEASE.jar;C:\mavenrepostory\org\springframework\spring-tx\5.0.5.RELEASE\spring-tx-5.0.5.RELEASE.jar;C:\mavenrepostory\org\springframework\spring-oxm\5.0.5.RELEASE\spring-oxm-5.0.5.RELEASE.jar;C:\mavenrepostory\org\springframework\spring-context-support\5.0.5.RELEASE\spring-context-support-5.0.5.RELEASE.jar;C:\mavenrepostory\io\lettuce\lettuce-core\5.0.3.RELEASE\lettuce-core-5.0.3.RELEASE.jar;C:\mavenrepostory\io\projectreactor\reactor-core\3.1.6.RELEASE\reactor-core-3.1.6.RELEASE.jar;C:\mavenrepostory\org\reactivestreams\reactive-streams\1.0.2\reactive-streams-1.0.2.jar;C:\mavenrepostory\io\netty\netty-common\4.1.23.Final\netty-common-4.1.23.Final.jar;C:\mavenrepostory\io\netty\netty-transport\4.1.23.Final\netty-transport-4.1.23.Final.jar;C:\mavenrepostory\io\netty\netty-buffer\4.1.23.Final\netty-buffer-4.1.23.Final.jar;C:\mavenrepostory\io\netty\netty-resolver\4.1.23.Final\netty-resolver-4.1.23.Final.jar;C:\mavenrepostory\io\netty\netty-handler\4.1.23.Final\netty-handler-4.1.23.Final.jar;C:\mavenrepostory\io\netty\netty-codec\4.1.23.Final\netty-codec-4.1.23.Final.jar;C:\mavenrepostory\junit\junit\4.12\junit-4.12.jar;C:\mavenrepostory\org\apache\httpcomponents\httpclient\4.5.2\httpclient-4.5.2.jar;C:\mavenrepostory\org\apache\httpcomponents\httpcore\4.4.9\httpcore-4.4.9.jar;C:\mavenrepostory\com\alibaba\fastjson\1.2.46\fastjson-1.2.46.jar;C:\mavenrepostory\redis\clients\jedis\2.8.1\jedis-2.8.1.jar;C:\mavenrepostory\org\apache\commons\commons-pool2\2.5.0\commons-pool2-2.5.0.jar;C:\mavenrepostory\org\codehaus\jackson\jackson-core-asl\1.9.11\jackson-core-asl-1.9.11.jar;C:\mavenrepostory\org\codehaus\jackson\jackson-mapper-asl\1.9.11\jackson-mapper-asl-1.9.11.jar;C:\mavenrepostory\org\apache\commons\commons-lang3\3.7\commons-lang3-3.7.jar;"/>
    <property name="sun.cpu.endian" value="little"/>
    <property name="user.home" value="C:\Users\llh"/>
    <property name="user.language" value="zh"/>
    <property name="java.specification.vendor" value="Oracle Corporation"/>
    <property name="java.home" value="C:\Program Files\Java\jdk1.8.0_151\jre"/>
    <property name="basedir" value="E:\pc\yanqingrepository\moneysystem"/>
    <property name="file.separator" value="\"/>
    <property name="line.separator" value="&#10;"/>
    <property name="java.vm.specification.vendor" value="Oracle Corporation"/>
    <property name="java.specification.name" value="Java Platform API Specification"/>
    <property name="java.awt.graphicsenv" value="sun.awt.Win32GraphicsEnvironment"/>
    <property name="surefire.real.class.path" value="C:\Users\llh\AppData\Local\Temp\surefire8429090250593921670\surefirebooter8829182569797439868.jar"/>
    <property name="sun.boot.class.path" value="C:\Program Files\Java\jdk1.8.0_151\jre\lib\resources.jar;C:\Program Files\Java\jdk1.8.0_151\jre\lib\rt.jar;C:\Program Files\Java\jdk1.8.0_151\jre\lib\sunrsasign.jar;C:\Program Files\Java\jdk1.8.0_151\jre\lib\jsse.jar;C:\Program Files\Java\jdk1.8.0_151\jre\lib\jce.jar;C:\Program Files\Java\jdk1.8.0_151\jre\lib\charsets.jar;C:\Program Files\Java\jdk1.8.0_151\jre\lib\jfr.jar;C:\Program Files\Java\jdk1.8.0_151\jre\classes"/>
    <property name="user.script" value=""/>
    <property name="sun.management.compiler" value="HotSpot 64-Bit Tiered Compilers"/>
    <property name="java.runtime.version" value="1.8.0_151-b12"/>
    <property name="user.name" value="hdocker"/>
    <property name="path.separator" value=";"/>
    <property name="os.version" value="10.0"/>
    <property name="java.endorsed.dirs" value="C:\Program Files\Java\jdk1.8.0_151\jre\lib\endorsed"/>
    <property name="java.runtime.name" value="Java(TM) SE Runtime Environment"/>
    <property name="file.encoding" value="GBK"/>
    <property name="java.vm.name" value="Java HotSpot(TM) 64-Bit Server VM"/>
    <property name="localRepository" value="C:\mavenrepostory"/>
    <property name="java.vendor.url.bug" value="http://bugreport.sun.com/bugreport/"/>
    <property name="java.io.tmpdir" value="C:\Users\llh\AppData\Local\Temp\"/>
    <property name="idea.version" value="2018.1"/>
    <property name="java.version" value="1.8.0_151"/>
    <property name="user.dir" value="E:\pc\yanqingrepository\moneysystem"/>
    <property name="os.arch" value="amd64"/>
    <property name="java.vm.specification.name" value="Java Virtual Machine Specification"/>
    <property name="java.awt.printerjob" value="sun.awt.windows.WPrinterJob"/>
    <property name="sun.os.patch.level" value=""/>
    <property name="java.library.path" value="C:\Program Files\Java\jdk1.8.0_151\jre\bin;C:\WINDOWS\Sun\Java\bin;C:\WINDOWS\system32;C:\WINDOWS;C:\ProgramData\Oracle\Java\javapath;C:\Windows\system32;C:\Windows;C:\Windows\System32\Wbem;C:\Windows\System32\WindowsPowerShell\v1.0\;C:\Program Files\Java\jdk1.8.0_151\bin;C:\Program Files\Java\jdk1.8.0_151\jre\bin;C:\Program Files (x86)\NVIDIA Corporation\PhysX\Common;D:\UPUPW_AP5.6-1510\UPUPW_AP5.6\PHP5;C:\Program Files (x86)\ClockworkMod\Universal Adb Driver\;D:\Python\Scripts;D:\QT\Qt5.5.1\5.5\msvc2013_64\bin;D:\QT\Qt5.5.1\Tools\QtCreator\bin;C:\Program Files\Common Files\Autodesk Shared\;C:\Program Files\dotnet\;C:\WINDOWS\system32;C:\WINDOWS;C:\WINDOWS\System32\Wbem;C:\WINDOWS\System32\WindowsPowerShell\v1.0\;G:\project\apache-maven-3.5.3-bin\apache-maven-3.5.3\bin;C:\Program Files\Git\cmd;C:\WINDOWS\System32\OpenSSH\;F:\tools\hadoop-2.9.0\hadoop-2.9.0\bin;C:\Program Files\nodejs\;C:\Users\llh\AppData\Local\GitHubDesktop\bin;C:\Users\llh\AppData\Roaming\npm;F:\js\Microsoft VS Code\bin;C:\Users\llh\AppData\Roaming\npm\node_modules;;."/>
    <property name="java.vm.info" value="mixed mode"/>
    <property name="java.vendor" value="Oracle Corporation"/>
    <property name="java.vm.version" value="25.151-b12"/>
    <property name="java.ext.dirs" value="C:\Program Files\Java\jdk1.8.0_151\jre\lib\ext;C:\WINDOWS\Sun\Java\lib\ext"/>
    <property name="sun.io.unicode.encoding" value="UnicodeLittle"/>
    <property name="maven.repo.local" value="C:\mavenrepostory"/>
    <property name="java.class.version" value="52.0"/>
  </properties>
  <testcase name="contextLoads" classname="cn.com.caogen.money.MoneyApplicationTests" time="0.106"/>
</testsuite>